<?xml version="1.0" encoding="UTF-8"?>
<testsuite xmlns:xsi="http://www.w3.org/2001/XMLSchema-instance" xsi:noNamespaceSchemaLocation="https://maven.apache.org/surefire/maven-surefire-plugin/xsd/surefire-test-report.xsd" name="fr.sauceDallas.getThingsDone.todos.domain.validators.DueDateValidatorTest" time="0.001" tests="2" errors="0" skipped="0" failures="0">
  <properties>
    <property name="java.specification.version" value="17"/>
    <property name="sun.jnu.encoding" value="UTF-8"/>
    <property name="java.class.path" value="/home/tom/workspace/gitlab.com/univlille/iut-info/r5.04/tp2/GetThingsDone-todo-domain/target/test-classes:/home/tom/workspace/gitlab.com/univlille/iut-info/r5.04/tp2/GetThingsDone-todo-domain/target/classes:/home/tom/.m2/repository/javax/transaction/javax.transaction-api/1.3/javax.transaction-api-1.3.jar:/home/tom/.m2/repository/junit/junit/4.13.2/junit-4.13.2.jar:/home/tom/.m2/repository/org/hamcrest/hamcrest-core/2.2/hamcrest-core-2.2.jar:/home/tom/.m2/repository/org/hamcrest/hamcrest/2.2/hamcrest-2.2.jar:/home/tom/.m2/repository/org/apache/commons/commons-lang3/3.7/commons-lang3-3.7.jar:/home/tom/.m2/repository/org/assertj/assertj-core/3.10.0/assertj-core-3.10.0.jar:"/>
    <property name="java.vm.vendor" value="Debian"/>
    <property name="sun.arch.data.model" value="64"/>
    <property name="java.vendor.url" value="https://tracker.debian.org/openjdk-17"/>
    <property name="os.name" value="Linux"/>
    <property name="java.vm.specification.version" value="17"/>
    <property name="sun.java.launcher" value="SUN_STANDARD"/>
    <property name="user.country" value="FR"/>
    <property name="sun.boot.library.path" value="/usr/lib/jvm/java-17-openjdk-amd64/lib"/>
    <property name="sun.java.command" value="/home/tom/workspace/gitlab.com/univlille/iut-info/r5.04/tp2/GetThingsDone-todo-domain/target/surefire/surefirebooter5785908868353601022.jar /home/tom/workspace/gitlab.com/univlille/iut-info/r5.04/tp2/GetThingsDone-todo-domain/target/surefire 2023-11-08T22-21-28_513-jvmRun1 surefire6927427583026442445tmp surefire_013221926824666853023tmp"/>
    <property name="jdk.debug" value="release"/>
    <property name="surefire.test.class.path" value="/home/tom/workspace/gitlab.com/univlille/iut-info/r5.04/tp2/GetThingsDone-todo-domain/target/test-classes:/home/tom/workspace/gitlab.com/univlille/iut-info/r5.04/tp2/GetThingsDone-todo-domain/target/classes:/home/tom/.m2/repository/javax/transaction/javax.transaction-api/1.3/javax.transaction-api-1.3.jar:/home/tom/.m2/repository/junit/junit/4.13.2/junit-4.13.2.jar:/home/tom/.m2/repository/org/hamcrest/hamcrest-core/2.2/hamcrest-core-2.2.jar:/home/tom/.m2/repository/org/hamcrest/hamcrest/2.2/hamcrest-2.2.jar:/home/tom/.m2/repository/org/apache/commons/commons-lang3/3.7/commons-lang3-3.7.jar:/home/tom/.m2/repository/org/assertj/assertj-core/3.10.0/assertj-core-3.10.0.jar:"/>
    <property name="sun.cpu.endian" value="little"/>
    <property name="user.home" value="/home/tom"/>
    <property name="user.language" value="fr"/>
    <property name="java.specification.vendor" value="Oracle Corporation"/>
    <property name="java.version.date" value="2023-10-17"/>
    <property name="java.home" value="/usr/lib/jvm/java-17-openjdk-amd64"/>
    <property name="file.separator" value="/"/>
    <property name="basedir" value="/home/tom/workspace/gitlab.com/univlille/iut-info/r5.04/tp2/GetThingsDone-todo-domain"/>
    <property name="java.vm.compressedOopsMode" value="Zero based"/>
    <property name="line.separator" value="&#10;"/>
    <property name="java.vm.specification.vendor" value="Oracle Corporation"/>
    <property name="java.specification.name" value="Java Platform API Specification"/>
    <property name="surefire.real.class.path" value="/home/tom/workspace/gitlab.com/univlille/iut-info/r5.04/tp2/GetThingsDone-todo-domain/target/surefire/surefirebooter5785908868353601022.jar"/>
    <property name="sun.management.compiler" value="HotSpot 64-Bit Tiered Compilers"/>
    <property name="java.runtime.version" value="17.0.9+9-Debian-1"/>
    <property name="user.name" value="tom"/>
    <property name="path.separator" value=":"/>
    <property name="os.version" value="6.5.0-2-amd64"/>
    <property name="java.runtime.name" value="OpenJDK Runtime Environment"/>
    <property name="file.encoding" value="UTF-8"/>
    <property name="java.vm.name" value="OpenJDK 64-Bit Server VM"/>
    <property name="localRepository" value="/home/tom/.m2/repository"/>
    <property name="java.vendor.url.bug" value="https://bugs.debian.org/openjdk-17"/>
    <property name="java.io.tmpdir" value="/tmp"/>
    <property name="java.version" value="17.0.9"/>
    <property name="user.dir" value="/home/tom/workspace/gitlab.com/univlille/iut-info/r5.04/tp2/GetThingsDone-todo-domain"/>
    <property name="os.arch" value="amd64"/>
    <property name="java.vm.specification.name" value="Java Virtual Machine Specification"/>
    <property name="native.encoding" value="UTF-8"/>
    <property name="java.library.path" value="/usr/java/packages/lib:/usr/lib/x86_64-linux-gnu/jni:/lib/x86_64-linux-gnu:/usr/lib/x86_64-linux-gnu:/usr/lib/jni:/lib:/usr/lib"/>
    <property name="java.vm.info" value="mixed mode, sharing"/>
    <property name="java.vendor" value="Debian"/>
    <property name="java.vm.version" value="17.0.9+9-Debian-1"/>
    <property name="sun.io.unicode.encoding" value="UnicodeLittle"/>
    <property name="java.class.version" value="61.0"/>
  </properties>
  <testcase name="testBlankDesc" classname="fr.sauceDallas.getThingsDone.todos.domain.validators.DueDateValidatorTest" time="0"/>
  <testcase name="testNoBlankDesc" classname="fr.sauceDallas.getThingsDone.todos.domain.validators.DueDateValidatorTest" time="0"/>
</testsuite>